

Version:	3.50
CmdLine:	C:\Users\leofa\Desktop\Projetos\Atv2Poo\AppUsuario.exe --l4j-debug
JNI:		No
WOW64:		Yes
Working dir:	C:\Users\leofa\Desktop\Projetos\Atv2Poo\.
Requires JDK:	No
Requires 64-Bit: No
Java min ver:	
Java max ver:	
Substitute:	JAVA_HOME = 
Substitute:	PATH = C:\Program Files\Eclipse Adoptium\jdk-17.0.16.8-hotspot\bin;C:\Program Files\Common Files\Oracle\Java\javapath;C:\Program Files (x86)\Common Files\Oracle\Java\java8path;C:\Program Files (x86)\Common Files\Oracle\Java\javapath;C:\Windows\system32;C:\Windows;C:\Windows\System32\Wbem;C:\Windows\System32\WindowsPowerShell\v1.0\;C:\Windows\System32\OpenSSH\;C:\Program Files (x86)\NVIDIA Corporation\PhysX\Common;C:\Program Files\NVIDIA Corporation\NVIDIA NvDLISR;C:\MinGW\bin;C:\Program Files\Git\cmd;C:\Program Files\nodejs\;C:\Program Files\dotnet\;C:\WINDOWS\system32;C:\WINDOWS;C:\WINDOWS\System32\Wbem;C:\WINDOWS\System32\WindowsPowerShell\v1.0\;C:\WINDOWS\System32\OpenSSH\;C:\Program Files\MySQL\MySQL Shell 8.0\bin\;C:\Users\leofa\AppData\Local\Programs\Python\Launcher\;C:\Users\leofa\AppData\Local\Microsoft\WindowsApps;C:\Users\leofa\AppData\Local\Programs\Microsoft VS Code\bin;C:\msys64\ucrt64\bin;C:\Users\leofa\AppData\Roaming\npm;;C:\intelFPGA_lite\24.1std\questa_fse\win64;C:\intelFPGA\18.1\modelsim_ase\win32aloem;C:\altera\24.1std\questa_fe\win64;C:\Program Files\Eclipse Adoptium\jdk-17.0.16.8-hotspot\bin
JRE paths:	;C:\Program Files\Eclipse Adoptium\jdk-17.0.16.8-hotspot\bin;C:\Program Files\Common Files\Oracle\Java\javapath;C:\Program Files (x86)\Common Files\Oracle\Java\java8path;C:\Program Files (x86)\Common Files\Oracle\Java\javapath;C:\Windows\system32;C:\Windows;C:\Windows\System32\Wbem;C:\Windows\System32\WindowsPowerShell\v1.0\;C:\Windows\System32\OpenSSH\;C:\Program Files (x86)\NVIDIA Corporation\PhysX\Common;C:\Program Files\NVIDIA Corporation\NVIDIA NvDLISR;C:\MinGW\bin;C:\Program Files\Git\cmd;C:\Program Files\nodejs\;C:\Program Files\dotnet\;C:\WINDOWS\system32;C:\WINDOWS;C:\WINDOWS\System32\Wbem;C:\WINDOWS\System32\WindowsPowerShell\v1.0\;C:\WINDOWS\System32\OpenSSH\;C:\Program Files\MySQL\MySQL Shell 8.0\bin\;C:\Users\leofa\AppData\Local\Programs\Python\Launcher\;C:\Users\leofa\AppData\Local\Microsoft\WindowsApps;C:\Users\leofa\AppData\Local\Programs\Microsoft VS Code\bin;C:\msys64\ucrt64\bin;C:\Users\leofa\AppData\Roaming\npm;;C:\intelFPGA_lite\24.1std\questa_fse\win64;C:\intelFPGA\18.1\modelsim_ase\win32aloem;C:\altera\24.1std\questa_fe\win64;C:\Program Files\Eclipse Adoptium\jdk-17.0.16.8-hotspot\bin
Check launcher:	C:\Program Files\Eclipse Adoptium\jdk-17.0.16.8-hotspot\bin\javaw.exe (OK)
Version string: 1.017.000_016 / 64-Bit (OK)
Main class:	main.Main
Info:		Classpath not defined.
Launcher:	C:\Program Files\Eclipse Adoptium\jdk-17.0.16.8-hotspot\bin\javaw.exe
Launcher args:	-classpath "C:\Users\leofa\Desktop\Projetos\Atv2Poo\AppUsuario.exe" main.Main
Args length:	77/32768 chars
Exit code:	0


Version:	3.50
CmdLine:	C:\Users\leofa\Desktop\Projetos\Atv2Poo\AppUsuario.exe --l4j-debug
JNI:		No
WOW64:		Yes
Working dir:	C:\Users\leofa\Desktop\Projetos\Atv2Poo\.
Requires JDK:	No
Requires 64-Bit: No
Java min ver:	
Java max ver:	
Substitute:	JAVA_HOME = 
Substitute:	PATH = C:\Program Files\Eclipse Adoptium\jdk-17.0.16.8-hotspot\bin;C:\Program Files\Common Files\Oracle\Java\javapath;C:\Program Files (x86)\Common Files\Oracle\Java\java8path;C:\Program Files (x86)\Common Files\Oracle\Java\javapath;C:\Windows\system32;C:\Windows;C:\Windows\System32\Wbem;C:\Windows\System32\WindowsPowerShell\v1.0\;C:\Windows\System32\OpenSSH\;C:\Program Files (x86)\NVIDIA Corporation\PhysX\Common;C:\Program Files\NVIDIA Corporation\NVIDIA NvDLISR;C:\MinGW\bin;C:\Program Files\Git\cmd;C:\Program Files\nodejs\;C:\Program Files\dotnet\;C:\WINDOWS\system32;C:\WINDOWS;C:\WINDOWS\System32\Wbem;C:\WINDOWS\System32\WindowsPowerShell\v1.0\;C:\WINDOWS\System32\OpenSSH\;C:\Program Files\MySQL\MySQL Shell 8.0\bin\;C:\Users\leofa\AppData\Local\Programs\Python\Launcher\;C:\Users\leofa\AppData\Local\Microsoft\WindowsApps;C:\Users\leofa\AppData\Local\Programs\Microsoft VS Code\bin;C:\msys64\ucrt64\bin;C:\Users\leofa\AppData\Roaming\npm;;C:\intelFPGA_lite\24.1std\questa_fse\win64;C:\intelFPGA\18.1\modelsim_ase\win32aloem;C:\altera\24.1std\questa_fe\win64;C:\Program Files\Eclipse Adoptium\jdk-17.0.16.8-hotspot\bin
JRE paths:	;C:\Program Files\Eclipse Adoptium\jdk-17.0.16.8-hotspot\bin;C:\Program Files\Common Files\Oracle\Java\javapath;C:\Program Files (x86)\Common Files\Oracle\Java\java8path;C:\Program Files (x86)\Common Files\Oracle\Java\javapath;C:\Windows\system32;C:\Windows;C:\Windows\System32\Wbem;C:\Windows\System32\WindowsPowerShell\v1.0\;C:\Windows\System32\OpenSSH\;C:\Program Files (x86)\NVIDIA Corporation\PhysX\Common;C:\Program Files\NVIDIA Corporation\NVIDIA NvDLISR;C:\MinGW\bin;C:\Program Files\Git\cmd;C:\Program Files\nodejs\;C:\Program Files\dotnet\;C:\WINDOWS\system32;C:\WINDOWS;C:\WINDOWS\System32\Wbem;C:\WINDOWS\System32\WindowsPowerShell\v1.0\;C:\WINDOWS\System32\OpenSSH\;C:\Program Files\MySQL\MySQL Shell 8.0\bin\;C:\Users\leofa\AppData\Local\Programs\Python\Launcher\;C:\Users\leofa\AppData\Local\Microsoft\WindowsApps;C:\Users\leofa\AppData\Local\Programs\Microsoft VS Code\bin;C:\msys64\ucrt64\bin;C:\Users\leofa\AppData\Roaming\npm;;C:\intelFPGA_lite\24.1std\questa_fse\win64;C:\intelFPGA\18.1\modelsim_ase\win32aloem;C:\altera\24.1std\questa_fe\win64;C:\Program Files\Eclipse Adoptium\jdk-17.0.16.8-hotspot\bin
Check launcher:	C:\Program Files\Eclipse Adoptium\jdk-17.0.16.8-hotspot\bin\javaw.exe (OK)
Version string: 1.017.000_016 / 64-Bit (OK)
Main class:	main.Main
Info:		Classpath not defined.
Launcher:	C:\Program Files\Eclipse Adoptium\jdk-17.0.16.8-hotspot\bin\javaw.exe
Launcher args:	-classpath "C:\Users\leofa\Desktop\Projetos\Atv2Poo\AppUsuario.exe" main.Main
Args length:	77/32768 chars
Exit code:	0


Version:	3.50
CmdLine:	C:\Users\leofa\Desktop\Projetos\Atv2Poo\AppUsuario.exe --l4j-debug
JNI:		No
WOW64:		Yes
Working dir:	C:\Users\leofa\Desktop\Projetos\Atv2Poo\.
Requires JDK:	No
Requires 64-Bit: No
Java min ver:	
Java max ver:	
Substitute:	JAVA_HOME = C:\Program Files\Java\jdk-21
Substitute:	PATH = C:\Program Files\Java\jdk-21\bin;C:\Program Files\MySQL\MySQL Shell 8.0\bin\;C:\Users\leofa\AppData\Local\Programs\Python\Launcher\;C:\Users\leofa\AppData\Local\Microsoft\WindowsApps;C:\Users\leofa\AppData\Local\Programs\Microsoft VS Code\bin;C:\msys64\ucrt64\bin;C:\Users\leofa\AppData\Roaming\npm;;C:\intelFPGA_lite\24.1std\questa_fse\win64;C:\intelFPGA\18.1\modelsim_ase\win32aloem;C:\altera\24.1std\questa_fe\win64;C:\Program Files\Java\jdk-21\bin
JRE paths:	C:\Program Files\Java\jdk-21;C:\Program Files\Java\jdk-21\bin;C:\Program Files\MySQL\MySQL Shell 8.0\bin\;C:\Users\leofa\AppData\Local\Programs\Python\Launcher\;C:\Users\leofa\AppData\Local\Microsoft\WindowsApps;C:\Users\leofa\AppData\Local\Programs\Microsoft VS Code\bin;C:\msys64\ucrt64\bin;C:\Users\leofa\AppData\Roaming\npm;;C:\intelFPGA_lite\24.1std\questa_fse\win64;C:\intelFPGA\18.1\modelsim_ase\win32aloem;C:\altera\24.1std\questa_fe\win64;C:\Program Files\Java\jdk-21\bin
Check launcher:	C:\Program Files\Java\jdk-21\bin\javaw.exe (OK)
Version string: 1.021.000_007 / 64-Bit (OK)
Launcher:	C:\Program Files\Java\jdk-21\bin\javaw.exe
Launcher args:	-jar "C:\Users\leofa\Desktop\Projetos\Atv2Poo\AppUsuario.exe"
Args length:	61/32768 chars
Exit code:	0


Version:	3.50
CmdLine:	C:\Users\leofa\Desktop\Projetos\Atv2Poo\AppUsuario.exe --l4j-debug
JNI:		No
WOW64:		Yes
Working dir:	C:\Users\leofa\Desktop\Projetos\Atv2Poo\.
Requires JDK:	No
Requires 64-Bit: No
Java min ver:	
Java max ver:	
Substitute:	JAVA_HOME = C:\Program Files\Java\jdk-21
Substitute:	PATH = C:\Program Files\Java\jdk-21\bin;C:\Program Files\MySQL\MySQL Shell 8.0\bin\;C:\Users\leofa\AppData\Local\Programs\Python\Launcher\;C:\Users\leofa\AppData\Local\Microsoft\WindowsApps;C:\Users\leofa\AppData\Local\Programs\Microsoft VS Code\bin;C:\msys64\ucrt64\bin;C:\Users\leofa\AppData\Roaming\npm;;C:\intelFPGA_lite\24.1std\questa_fse\win64;C:\intelFPGA\18.1\modelsim_ase\win32aloem;C:\altera\24.1std\questa_fe\win64;C:\Program Files\Java\jdk-21\bin
JRE paths:	C:\Program Files\Java\jdk-21;C:\Program Files\Java\jdk-21\bin;C:\Program Files\MySQL\MySQL Shell 8.0\bin\;C:\Users\leofa\AppData\Local\Programs\Python\Launcher\;C:\Users\leofa\AppData\Local\Microsoft\WindowsApps;C:\Users\leofa\AppData\Local\Programs\Microsoft VS Code\bin;C:\msys64\ucrt64\bin;C:\Users\leofa\AppData\Roaming\npm;;C:\intelFPGA_lite\24.1std\questa_fse\win64;C:\intelFPGA\18.1\modelsim_ase\win32aloem;C:\altera\24.1std\questa_fe\win64;C:\Program Files\Java\jdk-21\bin
Check launcher:	C:\Program Files\Java\jdk-21\bin\javaw.exe (OK)
Version string: 1.021.000_007 / 64-Bit (OK)
Launcher:	C:\Program Files\Java\jdk-21\bin\javaw.exe
Launcher args:	-jar "C:\Users\leofa\Desktop\Projetos\Atv2Poo\AppUsuario.exe"
Args length:	61/32768 chars
Exit code:	0
